2024-11-05 16:11:911 INFO  CommonActions:177 - Waiting for element to be visible
2024-11-05 16:11:08 ERROR CommonActions:182 - Residentail option is not able to select..
2024-11-05 16:11:14 INFO  CommonActions:177 - Waiting for element to be visible
2024-11-05 16:11:74 INFO  CommonActions:177 - i Click on the element Profile Icon
2024-11-05 16:11:75 INFO  CommonActions:177 - Waiting for element to be visible
2024-11-05 16:11:370 INFO  CommonActions:177 - i Click on the element Login link
2024-11-05 16:11:382 INFO  CommonActions:177 - Waiting for element to be visible
2024-11-05 16:11:849 INFO  CommonActions:177 - i Click on the element register link
2024-11-05 16:11:852 INFO  CommonActions:177 - Waiting for element to be visible
2024-11-05 16:11:959 INFO  CommonActions:177 - Waiting for element to be visible
2024-11-05 16:11:80 INFO  CommonActions:177 - Waiting for element to be visible
2024-11-05 16:11:212 INFO  CommonActions:177 - i Click on the element Company name
2024-11-05 16:11:348 INFO  CommonActions:177 - Clicked onCompany name
2024-11-05 16:11:349 INFO  CommonActions:177 - Waiting for element to be visible
2024-11-05 16:11:448 INFO  CommonActions:177 - i Click on the element Firstname
2024-11-05 16:11:567 INFO  CommonActions:177 - Clicked onFirstname
2024-11-05 16:11:568 INFO  CommonActions:177 - Waiting for element to be visible
2024-11-05 16:11:668 INFO  CommonActions:177 - i Click on the element Last name
2024-11-05 16:11:776 INFO  CommonActions:177 - Clicked onLast name
2024-11-05 16:11:776 INFO  CommonActions:177 - Waiting for element to be visible
2024-11-05 16:11:866 INFO  CommonActions:177 - i Click on the element email
2024-11-05 16:11:15 INFO  CommonActions:177 - Clicked onemail
2024-11-05 16:11:16 INFO  CommonActions:177 - Waiting for element to be visible
2024-11-05 16:11:96 INFO  CommonActions:177 - i Click on the element phone dropdwon
2024-11-05 16:11:101 INFO  CommonActions:177 - Waiting for element to be visible
2024-11-05 16:11:193 INFO  CommonActions:177 - i Click on the element +33
2024-11-05 16:11:196 INFO  CommonActions:177 - Waiting for element to be visible
2024-11-05 16:11:295 INFO  CommonActions:177 - i Click on the element Phone number
2024-11-05 16:11:408 INFO  CommonActions:177 - Clicked onPhone number
2024-11-05 16:11:408 INFO  CommonActions:177 - Waiting for element to be visible
2024-11-05 16:11:484 INFO  CommonActions:177 - i Click on the element Cell dropdwon
2024-11-05 16:11:491 INFO  CommonActions:177 - Waiting for element to be visible
2024-11-05 16:11:579 INFO  CommonActions:177 - i Click on the element +33
2024-11-05 16:11:593 INFO  CommonActions:177 - Waiting for element to be visible
2024-11-05 16:11:697 INFO  CommonActions:177 - i Click on the element Cell number
2024-11-05 16:11:824 INFO  CommonActions:177 - Clicked onCell number
2024-11-05 16:11:824 INFO  CommonActions:177 - Waiting for element to be visible
2024-11-05 16:11:920 INFO  CommonActions:177 - i Click on the element Test address
2024-11-05 16:11:59 INFO  CommonActions:177 - Clicked onTest address
2024-11-05 16:11:60 INFO  CommonActions:177 - Waiting for element to be visible
2024-11-05 16:11:157 INFO  CommonActions:177 - i Click on the element Test address
2024-11-05 16:11:282 INFO  CommonActions:177 - Clicked onTest address
2024-11-05 16:11:282 INFO  CommonActions:177 - Waiting for element to be visible
2024-11-05 16:11:373 INFO  CommonActions:177 - i Click on the element Test address
2024-11-05 16:11:525 INFO  CommonActions:177 - Clicked onTest address
2024-11-05 16:11:525 INFO  CommonActions:177 - Waiting for element to be visible
2024-11-05 16:11:605 INFO  CommonActions:177 - ********************************Country choosen randomly is : Commewijne
2024-11-05 16:11:605 INFO  CommonActions:177 - Waiting for element to be visible
2024-11-05 16:11:81 INFO  CommonActions:177 - Waiting for element to be visible
2024-11-05 16:11:178 INFO  CommonActions:177 - i Click on the element postal code
2024-11-05 16:11:278 INFO  CommonActions:177 - Clicked onpostal code
2024-11-05 16:11:281 INFO  CommonActions:177 - Waiting for element to be visible
2024-11-05 16:11:310 INFO  CommonActions:177 - scrolled till the SIgnup Button
2024-11-05 16:11:317 INFO  CommonActions:177 - Waiting for element to be visible
2024-11-05 16:11:378 INFO  CommonActions:177 - i Click on the element Sign up button
2024-11-05 16:11:431 INFO  CommonActions:177 - Waiting for element to be Present
2024-11-05 16:11:450 INFO  CommonActions:177 - registration success message is displayed....
2024-11-05 16:11:451 INFO  CommonActions:177 - Waiting for element to be visible
2024-11-05 16:11:257 INFO  CommonActions:177 - i Click on the element Go back home button
2024-11-05 16:11:259 INFO  CommonActions:177 - User should abel to registered via Commercial flow is passed
